<?xml version="1.0" encoding="UTF-8"?>
<testsuite name="BanksTest" tests="3" skipped="0" failures="0" errors="0" timestamp="2023-05-27T11:47:17" hostname="Elizabeths-MacBook-Air.local" time="0.014">
  <properties/>
  <testcase name="interestOnAccount()" classname="BanksTest" time="0.011"/>
  <testcase name="createClient()" classname="BanksTest" time="0.001"/>
  <testcase name="sendWithSBP()" classname="BanksTest" time="0.001"/>
  <system-out><![CDATA[]]></system-out>
  <system-err><![CDATA[]]></system-err>
</testsuite>
